2022-02-23 10:40:51 [scrapy.utils.log] INFO: Scrapy 2.5.1 started (bot: ufcStats)
2022-02-23 10:40:51 [scrapy.utils.log] INFO: Versions: lxml 4.7.1.0, libxml2 2.9.12, cssselect 1.1.0, parsel 1.6.0, w3lib 1.22.0, Twisted 22.1.0, Python 3.10.1 (v3.10.1:2cd268a3a9, Dec  6 2021, 14:28:59) [Clang 13.0.0 (clang-1300.0.29.3)], pyOpenSSL 22.0.0 (OpenSSL 1.1.1m  14 Dec 2021), cryptography 36.0.1, Platform macOS-12.0.1-x86_64-i386-64bit
2022-02-23 10:40:51 [scrapy.crawler] INFO: Overridden settings:
{'BOT_NAME': 'ufcStats',
 'COOKIES_ENABLED': False,
 'DOWNLOAD_DELAY': 0.5,
 'LOG_FILE': 'log/2022-02-23T10-40-51.log',
 'LOG_LEVEL': 'INFO',
 'NEWSPIDER_MODULE': 'ufcStats.spiders',
 'ROBOTSTXT_OBEY': True,
 'SPIDER_LOADER_WARN_ONLY': True,
 'SPIDER_MODULES': ['ufcStats.spiders']}
2022-02-23 10:40:51 [scrapy.extensions.telnet] INFO: Telnet Password: ac10c7eb8d4ab0e6
2022-02-23 10:40:51 [py.warnings] WARNING: /Library/Frameworks/Python.framework/Versions/3.10/lib/python3.10/site-packages/scrapy/extensions/feedexport.py:247: ScrapyDeprecationWarning: The `FEED_URI` and `FEED_FORMAT` settings have been deprecated in favor of the `FEEDS` setting. Please see the `FEEDS` setting docs for more details
  exporter = cls(crawler)

2022-02-23 10:40:51 [scrapy.middleware] INFO: Enabled extensions:
['scrapy.extensions.corestats.CoreStats',
 'scrapy.extensions.telnet.TelnetConsole',
 'scrapy.extensions.memusage.MemoryUsage',
 'scrapy.extensions.feedexport.FeedExporter',
 'scrapy.extensions.logstats.LogStats']
2022-02-23 10:40:52 [scrapy.middleware] INFO: Enabled downloader middlewares:
['scrapy.downloadermiddlewares.robotstxt.RobotsTxtMiddleware',
 'scrapy.downloadermiddlewares.httpauth.HttpAuthMiddleware',
 'scrapy.downloadermiddlewares.downloadtimeout.DownloadTimeoutMiddleware',
 'scrapy.downloadermiddlewares.defaultheaders.DefaultHeadersMiddleware',
 'scrapy.downloadermiddlewares.useragent.UserAgentMiddleware',
 'scrapy.downloadermiddlewares.retry.RetryMiddleware',
 'scrapy.downloadermiddlewares.redirect.MetaRefreshMiddleware',
 'scrapy.downloadermiddlewares.httpcompression.HttpCompressionMiddleware',
 'scrapy.downloadermiddlewares.redirect.RedirectMiddleware',
 'scrapy.downloadermiddlewares.httpproxy.HttpProxyMiddleware',
 'scrapy.downloadermiddlewares.stats.DownloaderStats']
2022-02-23 10:40:52 [scrapy.middleware] INFO: Enabled spider middlewares:
['scrapy.spidermiddlewares.httperror.HttpErrorMiddleware',
 'scrapy.spidermiddlewares.offsite.OffsiteMiddleware',
 'scrapy.spidermiddlewares.referer.RefererMiddleware',
 'scrapy.spidermiddlewares.urllength.UrlLengthMiddleware',
 'scrapy.spidermiddlewares.depth.DepthMiddleware']
2022-02-23 10:40:52 [scrapy.middleware] INFO: Enabled item pipelines:
[]
2022-02-23 10:40:52 [scrapy.core.engine] INFO: Spider opened
2022-02-23 10:40:52 [scrapy.extensions.logstats] INFO: Crawled 0 pages (at 0 pages/min), scraped 0 items (at 0 items/min)
2022-02-23 10:40:52 [scrapy.extensions.telnet] INFO: Telnet console listening on 127.0.0.1:6023
2022-02-23 10:41:03 [scrapy.core.engine] INFO: Closing spider (finished)
2022-02-23 10:41:03 [scrapy.extensions.feedexport] INFO: Stored csv feed (12 items) in: data/upcoming/2022-02-23T10-40-51.csv
2022-02-23 10:41:03 [scrapy.statscollectors] INFO: Dumping Scrapy stats:
{'downloader/request_bytes': 4397,
 'downloader/request_count': 15,
 'downloader/request_method_count/GET': 15,
 'downloader/response_bytes': 46851,
 'downloader/response_count': 15,
 'downloader/response_status_count/200': 14,
 'downloader/response_status_count/404': 1,
 'dupefilter/filtered': 12,
 'elapsed_time_seconds': 10.987467,
 'feedexport/success_count/FileFeedStorage': 1,
 'finish_reason': 'finished',
 'finish_time': datetime.datetime(2022, 2, 23, 7, 41, 3, 27977),
 'httpcompression/response_bytes': 293581,
 'httpcompression/response_count': 14,
 'item_scraped_count': 12,
 'log_count/INFO': 11,
 'log_count/WARNING': 1,
 'memusage/max': 61702144,
 'memusage/startup': 61702144,
 'request_depth_max': 2,
 'response_received_count': 15,
 'robotstxt/request_count': 1,
 'robotstxt/response_count': 1,
 'robotstxt/response_status_count/404': 1,
 'scheduler/dequeued': 14,
 'scheduler/dequeued/memory': 14,
 'scheduler/enqueued': 14,
 'scheduler/enqueued/memory': 14,
 'start_time': datetime.datetime(2022, 2, 23, 7, 40, 52, 40510)}
2022-02-23 10:41:03 [scrapy.core.engine] INFO: Spider closed (finished)
